<?xml version="1.0" encoding="UTF-8"?>
<!-- Generated by org.testng.reporters.JUnitReportReporter -->
<testsuite hostname="ARUN" name="TestNGAnnotationsDemo" tests="2" failures="0" timestamp="21 Nov 2017 06:00:10 GMT" time="0.013" errors="0">
  <testcase name="meth7" time="0.010" classname="TestNGAnnotationsDemo"/>
  <testcase name="meth8" time="0.003" classname="TestNGAnnotationsDemo"/>
</testsuite> <!-- TestNGAnnotationsDemo -->
