<?xml version="1.0" encoding="UTF-8"?>
<!-- Generated by org.testng.reporters.JUnitReportReporter -->
<testsuite hostname="ARUN" name="ConfirmationsDemo" tests="1" failures="0" timestamp="21 Nov 2017 05:56:14 GMT" time="16.513" errors="0">
  <testcase name="testConfirmation" time="16.513" classname="ConfirmationsDemo"/>
</testsuite> <!-- ConfirmationsDemo -->
