<?xml version="1.0" encoding="UTF-8"?>
<!-- Generated by org.testng.reporters.JUnitReportReporter -->
<testsuite hostname="ARUN" name="OnloadAlertDemo" tests="1" failures="0" timestamp="21 Nov 2017 05:58:48 GMT" time="19.673" errors="0">
  <testcase name="testOnloadAlert" time="19.673" classname="OnloadAlertDemo"/>
</testsuite> <!-- OnloadAlertDemo -->
