<?xml version="1.0" encoding="UTF-8"?>
<!-- Generated by org.testng.reporters.JUnitReportReporter -->
<testsuite hostname="ARUN" name="FrameDemo" tests="1" failures="0" timestamp="21 Nov 2017 05:57:33 GMT" time="18.190" errors="0">
  <testcase name="testFrame" time="18.190" classname="FrameDemo"/>
</testsuite> <!-- FrameDemo -->
